app/build/intermediates/manifest_merge_blame_file/release/processReleaseMainManifest/manifest-merger-blame-release-report.txt
1<?xml version="1.0" encoding="utf-8"?>
2<manifest xmlns:android="http://schemas.android.com/apk/res/android"
3    package="com.cloudflared.tunnel"
4    android:versionCode="1"
5    android:versionName="1.0.0" >
6
7    <uses-sdk
8        android:minSdkVersion="24"
9        android:targetSdkVersion="34" />
10
11    <uses-permission android:name="android.permission.INTERNET" />
11-->src\main\AndroidManifest.xml:4:5-67
11-->src\main\AndroidManifest.xml:4:22-64
12    <uses-permission android:name="android.permission.FOREGROUND_SERVICE" />
12-->src\main\AndroidManifest.xml:5:5-77
12-->src\main\AndroidManifest.xml:5:22-74
13    <uses-permission android:name="android.permission.FOREGROUND_SERVICE_DATA_SYNC" />
13-->src\main\AndroidManifest.xml:6:5-87
13-->src\main\AndroidManifest.xml:6:22-84
14    <uses-permission android:name="android.permission.POST_NOTIFICATIONS" />
14-->src\main\AndroidManifest.xml:7:5-77
14-->src\main\AndroidManifest.xml:7:22-74
15    <uses-permission android:name="android.permission.RECEIVE_BOOT_COMPLETED" />
15-->src\main\AndroidManifest.xml:8:5-81
15-->src\main\AndroidManifest.xml:8:22-78
16    <uses-permission android:name="android.permission.WAKE_LOCK" />
16-->src\main\AndroidManifest.xml:9:5-68
16-->src\main\AndroidManifest.xml:9:22-65
17
18    <permission
18-->[androidx.core:core:1.9.0] AndroidManifest.xml:22:5-24:47
19        android:name="com.cloudflared.tunnel.DYNAMIC_RECEIVER_NOT_EXPORTED_PERMISSION"
19-->[androidx.core:core:1.9.0] AndroidManifest.xml:23:9-81
20        android:protectionLevel="signature" />
20-->[androidx.core:core:1.9.0] AndroidManifest.xml:24:9-44
21
22    <uses-permission android:name="com.cloudflared.tunnel.DYNAMIC_RECEIVER_NOT_EXPORTED_PERMISSION" />
22-->[androidx.core:core:1.9.0] AndroidManifest.xml:26:5-97
22-->[androidx.core:core:1.9.0] AndroidManifest.xml:26:22-94
23
24    <application
24-->src\main\AndroidManifest.xml:11:5-68:19
25        android:name="com.cloudflared.tunnel.App"
25-->src\main\AndroidManifest.xml:12:9-28
26        android:allowBackup="true"
26-->src\main\AndroidManifest.xml:13:9-35
27        android:appComponentFactory="androidx.core.app.CoreComponentFactory"
27-->[androidx.core:core:1.9.0] AndroidManifest.xml:28:18-86
28        android:extractNativeLibs="true"
29        android:icon="@drawable/ic_launcher"
29-->src\main\AndroidManifest.xml:14:9-45
30        android:label="@string/app_name"
30-->src\main\AndroidManifest.xml:15:9-41
31        android:roundIcon="@drawable/ic_launcher"
31-->src\main\AndroidManifest.xml:16:9-50
32        android:supportsRtl="true"
32-->src\main\AndroidManifest.xml:17:9-35
33        android:theme="@style/Theme.CloudflaredTunnel" >
33-->src\main\AndroidManifest.xml:18:9-55
34        <activity
34-->src\main\AndroidManifest.xml:20:9-28:20
35            android:name="com.cloudflared.tunnel.ui.MainActivity"
35-->src\main\AndroidManifest.xml:21:13-44
36            android:exported="true"
36-->src\main\AndroidManifest.xml:22:13-36
37            android:launchMode="singleTask" >
37-->src\main\AndroidManifest.xml:23:13-44
38            <intent-filter>
38-->src\main\AndroidManifest.xml:24:13-27:29
39                <action android:name="android.intent.action.MAIN" />
39-->src\main\AndroidManifest.xml:25:17-69
39-->src\main\AndroidManifest.xml:25:25-66
40
41                <category android:name="android.intent.category.LAUNCHER" />
41-->src\main\AndroidManifest.xml:26:17-77
41-->src\main\AndroidManifest.xml:26:27-74
42            </intent-filter>
43        </activity>
44        <activity
44-->src\main\AndroidManifest.xml:30:9-32:61
45            android:name="com.cloudflared.tunnel.ui.ConfigEditActivity"
45-->src\main\AndroidManifest.xml:31:13-50
46            android:parentActivityName="com.cloudflared.tunnel.ui.MainActivity" />
46-->src\main\AndroidManifest.xml:32:13-58
47
48        <service
48-->src\main\AndroidManifest.xml:34:9-37:40
49            android:name="com.cloudflared.tunnel.service.TunnelService"
49-->src\main\AndroidManifest.xml:35:13-50
50            android:exported="false"
50-->src\main\AndroidManifest.xml:37:13-37
51            android:foregroundServiceType="dataSync" />
51-->src\main\AndroidManifest.xml:36:13-53
52        <service
52-->src\main\AndroidManifest.xml:39:9-42:40
53            android:name="com.cloudflared.tunnel.service.MonitorService"
53-->src\main\AndroidManifest.xml:40:13-51
54            android:exported="false"
54-->src\main\AndroidManifest.xml:42:13-37
55            android:foregroundServiceType="dataSync" />
55-->src\main\AndroidManifest.xml:41:13-53
56        <service
56-->src\main\AndroidManifest.xml:44:9-56:19
57            android:name="com.cloudflared.tunnel.tile.QuickTileService"
57-->src\main\AndroidManifest.xml:45:13-50
58            android:exported="true"
58-->src\main\AndroidManifest.xml:46:13-36
59            android:icon="@drawable/ic_tunnel"
59-->src\main\AndroidManifest.xml:47:13-47
60            android:label="@string/tile_label"
60-->src\main\AndroidManifest.xml:48:13-47
61            android:permission="android.permission.BIND_QUICK_SETTINGS_TILE" >
61-->src\main\AndroidManifest.xml:49:13-77
62            <intent-filter>
62-->src\main\AndroidManifest.xml:50:13-52:29
63                <action android:name="android.service.quicksettings.action.QS_TILE" />
63-->src\main\AndroidManifest.xml:51:17-87
63-->src\main\AndroidManifest.xml:51:25-84
64            </intent-filter>
65
66            <meta-data
66-->src\main\AndroidManifest.xml:53:13-55:40
67                android:name="android.service.quicksettings.ACTIVE_TILE"
67-->src\main\AndroidManifest.xml:54:17-73
68                android:value="true" />
68-->src\main\AndroidManifest.xml:55:17-37
69        </service>
70
71        <receiver
71-->src\main\AndroidManifest.xml:58:9-66:20
72            android:name="com.cloudflared.tunnel.service.BootReceiver"
72-->src\main\AndroidManifest.xml:59:13-49
73            android:exported="true" >
73-->src\main\AndroidManifest.xml:60:13-36
74            <intent-filter>
74-->src\main\AndroidManifest.xml:61:13-65:29
75                <action android:name="android.intent.action.BOOT_COMPLETED" />
75-->src\main\AndroidManifest.xml:62:17-79
75-->src\main\AndroidManifest.xml:62:25-76
76                <action android:name="android.intent.action.QUICKBOOT_POWERON" />
76-->src\main\AndroidManifest.xml:63:17-82
76-->src\main\AndroidManifest.xml:63:25-79
77                <action android:name="android.intent.action.MY_PACKAGE_REPLACED" />
77-->src\main\AndroidManifest.xml:64:17-84
77-->src\main\AndroidManifest.xml:64:25-81
78            </intent-filter>
79        </receiver>
80
81        <provider
81-->[androidx.emoji2:emoji2:1.2.0] AndroidManifest.xml:24:9-32:20
82            android:name="androidx.startup.InitializationProvider"
82-->[androidx.emoji2:emoji2:1.2.0] AndroidManifest.xml:25:13-67
83            android:authorities="com.cloudflared.tunnel.androidx-startup"
83-->[androidx.emoji2:emoji2:1.2.0] AndroidManifest.xml:26:13-68
84            android:exported="false" >
84-->[androidx.emoji2:emoji2:1.2.0] AndroidManifest.xml:27:13-37
85            <meta-data
85-->[androidx.emoji2:emoji2:1.2.0] AndroidManifest.xml:29:13-31:52
86                android:name="androidx.emoji2.text.EmojiCompatInitializer"
86-->[androidx.emoji2:emoji2:1.2.0] AndroidManifest.xml:30:17-75
87                android:value="androidx.startup" />
87-->[androidx.emoji2:emoji2:1.2.0] AndroidManifest.xml:31:17-49
88            <meta-data
88-->[androidx.lifecycle:lifecycle-process:2.6.1] AndroidManifest.xml:29:13-31:52
89                android:name="androidx.lifecycle.ProcessLifecycleInitializer"
89-->[androidx.lifecycle:lifecycle-process:2.6.1] AndroidManifest.xml:30:17-78
90                android:value="androidx.startup" />
90-->[androidx.lifecycle:lifecycle-process:2.6.1] AndroidManifest.xml:31:17-49
91            <meta-data
91-->[androidx.profileinstaller:profileinstaller:1.3.0] AndroidManifest.xml:29:13-31:52
92                android:name="androidx.profileinstaller.ProfileInstallerInitializer"
92-->[androidx.profileinstaller:profileinstaller:1.3.0] AndroidManifest.xml:30:17-85
93                android:value="androidx.startup" />
93-->[androidx.profileinstaller:profileinstaller:1.3.0] AndroidManifest.xml:31:17-49
94        </provider>
95
96        <uses-library
96-->[androidx.window:window:1.0.0] AndroidManifest.xml:25:9-27:40
97            android:name="androidx.window.extensions"
97-->[androidx.window:window:1.0.0] AndroidManifest.xml:26:13-54
98            android:required="false" />
98-->[androidx.window:window:1.0.0] AndroidManifest.xml:27:13-37
99        <uses-library
99-->[androidx.window:window:1.0.0] AndroidManifest.xml:28:9-30:40
100            android:name="androidx.window.sidecar"
100-->[androidx.window:window:1.0.0] AndroidManifest.xml:29:13-51
101            android:required="false" />
101-->[androidx.window:window:1.0.0] AndroidManifest.xml:30:13-37
102
103        <receiver
103-->[androidx.profileinstaller:profileinstaller:1.3.0] AndroidManifest.xml:34:9-52:20
104            android:name="androidx.profileinstaller.ProfileInstallReceiver"
104-->[androidx.profileinstaller:profileinstaller:1.3.0] AndroidManifest.xml:35:13-76
105            android:directBootAware="false"
105-->[androidx.profileinstaller:profileinstaller:1.3.0] AndroidManifest.xml:36:13-44
106            android:enabled="true"
106-->[androidx.profileinstaller:profileinstaller:1.3.0] AndroidManifest.xml:37:13-35
107            android:exported="true"
107-->[androidx.profileinstaller:profileinstaller:1.3.0] AndroidManifest.xml:38:13-36
108            android:permission="android.permission.DUMP" >
108-->[androidx.profileinstaller:profileinstaller:1.3.0] AndroidManifest.xml:39:13-57
109            <intent-filter>
109-->[androidx.profileinstaller:profileinstaller:1.3.0] AndroidManifest.xml:40:13-42:29
110                <action android:name="androidx.profileinstaller.action.INSTALL_PROFILE" />
110-->[androidx.profileinstaller:profileinstaller:1.3.0] AndroidManifest.xml:41:17-91
110-->[androidx.profileinstaller:profileinstaller:1.3.0] AndroidManifest.xml:41:25-88
111            </intent-filter>
112            <intent-filter>
112-->[androidx.profileinstaller:profileinstaller:1.3.0] AndroidManifest.xml:43:13-45:29
113                <action android:name="androidx.profileinstaller.action.SKIP_FILE" />
113-->[androidx.profileinstaller:profileinstaller:1.3.0] AndroidManifest.xml:44:17-85
113-->[androidx.profileinstaller:profileinstaller:1.3.0] AndroidManifest.xml:44:25-82
114            </intent-filter>
115            <intent-filter>
115-->[androidx.profileinstaller:profileinstaller:1.3.0] AndroidManifest.xml:46:13-48:29
116                <action android:name="androidx.profileinstaller.action.SAVE_PROFILE" />
116-->[androidx.profileinstaller:profileinstaller:1.3.0] AndroidManifest.xml:47:17-88
116-->[androidx.profileinstaller:profileinstaller:1.3.0] AndroidManifest.xml:47:25-85
117            </intent-filter>
118            <intent-filter>
118-->[androidx.profileinstaller:profileinstaller:1.3.0] AndroidManifest.xml:49:13-51:29
119                <action android:name="androidx.profileinstaller.action.BENCHMARK_OPERATION" />
119-->[androidx.profileinstaller:profileinstaller:1.3.0] AndroidManifest.xml:50:17-95
119-->[androidx.profileinstaller:profileinstaller:1.3.0] AndroidManifest.xml:50:25-92
120            </intent-filter>
121        </receiver>
122    </application>
123
124</manifest>